<?xml version="1.0" encoding="UTF-8"?>
<!-- Generated by org.testng.reporters.JUnitReportReporter -->
<testsuite skipped="0" hostname="DESKTOP-PQQMPAH" name="Test.BasicsOfRestAssured" tests="2" failures="0" timestamp="15 Feb 2020 07:59:21 GMT" time="3.024" errors="0">
  <testcase name="TestF1" time="2.203" classname="Test.BasicsOfRestAssured"/>
  <testcase name="TestGoogle" time="0.821" classname="Test.BasicsOfRestAssured"/>
</testsuite> <!-- Test.BasicsOfRestAssured -->
